# JRE version: OpenJDK Runtime Environment Temurin-21.0.10+7 (21.0.10+7) (build 21.0.10+7-LTS)
# Java VM: OpenJDK 64-Bit Server VM Temurin-21.0.10+7 (21.0.10+7-LTS, mixed mode, sharing, tiered, compressed oops, compressed class ptrs, parallel gc, windows-amd64)
GC Precious Log:
 CardTable entry size: 512
 CPUs: 4 total, 4 available
 Memory: 8047M
 Large Page Support: Disabled
 NUMA Support: Disabled
 Compressed Oops: Enabled (32-bit)
 Alignments: Space 512K, Generation 512K, Heap 2M
 Heap Min Capacity: 100M
 Heap Initial Capacity: 100M
 Heap Max Capacity: 2G
 Pre-touch: Disabled
 Parallel Workers: 4
Heap:
 PSYoungGen      total 26112K, used 15096K [0x00000000d5580000, 0x00000000d7180000, 0x0000000100000000)
  eden space 22016K, 65% used [0x00000000d5580000,0x00000000d639a348,0x00000000d6b00000)
  from space 4096K, 16% used [0x00000000d6b00000,0x00000000d6ba4020,0x00000000d6f00000)
  to   space 2048K, 0% used [0x00000000d6f80000,0x00000000d6f80000,0x00000000d7180000)
 ParOldGen       total 68608K, used 55871K [0x0000000080000000, 0x0000000084300000, 0x00000000d5580000)
  object space 68608K, 81% used [0x0000000080000000,0x000000008368fdf0,0x0000000084300000)
 Metaspace       used 64607K, committed 66112K, reserved 1114112K
  class space    used 7619K, committed 8256K, reserved 1048576K
GC Heap History (20 events):
Event: 79.971 GC heap before
{Heap before GC invocations=33 (full 2):
 PSYoungGen      total 22528K, used 22112K [0x00000000d5580000, 0x00000000d7480000, 0x0000000100000000)
  eden space 22016K, 100% used [0x00000000d5580000,0x00000000d6b00000,0x00000000d6b00000)
  from space 512K, 18% used [0x00000000d7400000,0x00000000d7418000,0x00000000d7480000)
  to   space 512K, 0% used [0x00000000d7380000,0x00000000d7380000,0x00000000d7400000)
 ParOldGen       total 68608K, used 45764K [0x0000000080000000, 0x0000000084300000, 0x00000000d5580000)
  object space 68608K, 66% used [0x0000000080000000,0x0000000082cb1288,0x0000000084300000)
 Metaspace       used 57819K, committed 59136K, reserved 1114112K
  class space    used 6796K, committed 7424K, reserved 1048576K
}
Event: 79.972 GC heap after
{Heap after GC invocations=33 (full 2):
 PSYoungGen      total 22528K, used 96K [0x00000000d5580000, 0x00000000d7480000, 0x0000000100000000)
  eden space 22016K, 0% used [0x00000000d5580000,0x00000000d5580000,0x00000000d6b00000)
  from space 512K, 18% used [0x00000000d7380000,0x00000000d7398000,0x00000000d7400000)
  to   space 512K, 0% used [0x00000000d7400000,0x00000000d7400000,0x00000000d7480000)
 ParOldGen       total 68608K, used 45788K [0x0000000080000000, 0x0000000084300000, 0x00000000d5580000)
  object space 68608K, 66% used [0x0000000080000000,0x0000000082cb7288,0x0000000084300000)
 Metaspace       used 57819K, committed 59136K, reserved 1114112K
  class space    used 6796K, committed 7424K, reserved 1048576K
}
Event: 80.523 GC heap before
{Heap before GC invocations=34 (full 2):
 PSYoungGen      total 22528K, used 18581K [0x00000000d5580000, 0x00000000d7480000, 0x0000000100000000)
  eden space 22016K, 83% used [0x00000000d5580000,0x00000000d678d6f0,0x00000000d6b00000)
  from space 512K, 18% used [0x00000000d7380000,0x00000000d7398000,0x00000000d7400000)
  to   space 512K, 0% used [0x00000000d7400000,0x00000000d7400000,0x00000000d7480000)
 ParOldGen       total 68608K, used 45788K [0x0000000080000000, 0x0000000084300000, 0x00000000d5580000)
  object space 68608K, 66% used [0x0000000080000000,0x0000000082cb7288,0x0000000084300000)
 Metaspace       used 59360K, committed 60736K, reserved 1114112K
  class space    used 6961K, committed 7552K, reserved 1048576K
}
Event: 80.526 GC heap after
{Heap after GC invocations=34 (full 2):
 PSYoungGen      total 22528K, used 504K [0x00000000d5580000, 0x00000000d7480000, 0x0000000100000000)
  eden space 22016K, 0% used [0x00000000d5580000,0x00000000d5580000,0x00000000d6b00000)
  from space 512K, 98% used [0x00000000d7400000,0x00000000d747e1a8,0x00000000d7480000)
  to   space 1024K, 0% used [0x00000000d7280000,0x00000000d7280000,0x00000000d7380000)
 ParOldGen       total 68608K, used 45932K [0x0000000080000000, 0x0000000084300000, 0x00000000d5580000)
  object space 68608K, 66% used [0x0000000080000000,0x0000000082cdb298,0x0000000084300000)
 Metaspace       used 59360K, committed 60736K, reserved 1114112K
  class space    used 6961K, committed 7552K, reserved 1048576K
}
Event: 80.526 GC heap before
{Heap before GC invocations=35 (full 3):
 PSYoungGen      total 22528K, used 504K [0x00000000d5580000, 0x00000000d7480000, 0x0000000100000000)
  eden space 22016K, 0% used [0x00000000d5580000,0x00000000d5580000,0x00000000d6b00000)
  from space 512K, 98% used [0x00000000d7400000,0x00000000d747e1a8,0x00000000d7480000)
  to   space 1024K, 0% used [0x00000000d7280000,0x00000000d7280000,0x00000000d7380000)
 ParOldGen       total 68608K, used 45932K [0x0000000080000000, 0x0000000084300000, 0x00000000d5580000)
  object space 68608K, 66% used [0x0000000080000000,0x0000000082cdb298,0x0000000084300000)
 Metaspace       used 59360K, committed 60736K, reserved 1114112K
  class space    used 6961K, committed 7552K, reserved 1048576K
}
Event: 80.649 GC heap after
{Heap after GC invocations=35 (full 3):
 PSYoungGen      total 22528K, used 0K [0x00000000d5580000, 0x00000000d7480000, 0x0000000100000000)
  eden space 22016K, 0% used [0x00000000d5580000,0x00000000d5580000,0x00000000d6b00000)
  from space 512K, 0% used [0x00000000d7400000,0x00000000d7400000,0x00000000d7480000)
  to   space 1024K, 0% used [0x00000000d7280000,0x00000000d7280000,0x00000000d7380000)
 ParOldGen       total 68608K, used 42892K [0x0000000080000000, 0x0000000084300000, 0x00000000d5580000)
  object space 68608K, 62% used [0x0000000080000000,0x00000000829e31c0,0x0000000084300000)
 Metaspace       used 59360K, committed 60736K, reserved 1114112K
  class space    used 6961K, committed 7552K, reserved 1048576K
}
Event: 80.993 GC heap before
{Heap before GC invocations=36 (full 3):
 PSYoungGen      total 22528K, used 22016K [0x00000000d5580000, 0x00000000d7480000, 0x0000000100000000)
  eden space 22016K, 100% used [0x00000000d5580000,0x00000000d6b00000,0x00000000d6b00000)
  from space 512K, 0% used [0x00000000d7400000,0x00000000d7400000,0x00000000d7480000)
  to   space 1024K, 0% used [0x00000000d7280000,0x00000000d7280000,0x00000000d7380000)
 ParOldGen       total 68608K, used 42892K [0x0000000080000000, 0x0000000084300000, 0x00000000d5580000)
  object space 68608K, 62% used [0x0000000080000000,0x00000000829e31c0,0x0000000084300000)
 Metaspace       used 59650K, committed 61120K, reserved 1114112K
  class space    used 6975K, committed 7616K, reserved 1048576K
}
Event: 80.997 GC heap after
{Heap after GC invocations=36 (full 3):
 PSYoungGen      total 23040K, used 992K [0x00000000d5580000, 0x00000000d7480000, 0x0000000100000000)
  eden space 22016K, 0% used [0x00000000d5580000,0x00000000d5580000,0x00000000d6b00000)
  from space 1024K, 96% used [0x00000000d7280000,0x00000000d7378030,0x00000000d7380000)
  to   space 1024K, 0% used [0x00000000d7380000,0x00000000d7380000,0x00000000d7480000)
 ParOldGen       total 68608K, used 44292K [0x0000000080000000, 0x0000000084300000, 0x00000000d5580000)
  object space 68608K, 64% used [0x0000000080000000,0x0000000082b411c0,0x0000000084300000)
 Metaspace       used 59650K, committed 61120K, reserved 1114112K
  class space    used 6975K, committed 7616K, reserved 1048576K
}
Event: 81.176 GC heap before
{Heap before GC invocations=37 (full 3):
 PSYoungGen      total 23040K, used 23008K [0x00000000d5580000, 0x00000000d7480000, 0x0000000100000000)
  eden space 22016K, 99% used [0x00000000d5580000,0x00000000d6affff0,0x00000000d6b00000)
  from space 1024K, 96% used [0x00000000d7280000,0x00000000d7378030,0x00000000d7380000)
  to   space 1024K, 0% used [0x00000000d7380000,0x00000000d7380000,0x00000000d7480000)
 ParOldGen       total 68608K, used 44292K [0x0000000080000000, 0x0000000084300000, 0x00000000d5580000)
  object space 68608K, 64% used [0x0000000080000000,0x0000000082b411c0,0x0000000084300000)
 Metaspace       used 60054K, committed 61440K, reserved 1114112K
  class space    used 7035K, committed 7616K, reserved 1048576K
}
Event: 81.181 GC heap after
{Heap after GC invocations=37 (full 3):
 PSYoungGen      total 23040K, used 1009K [0x00000000d5580000, 0x00000000d7480000, 0x0000000100000000)
  eden space 22016K, 0% used [0x00000000d5580000,0x00000000d5580000,0x00000000d6b00000)
  from space 1024K, 98% used [0x00000000d7380000,0x00000000d747c400,0x00000000d7480000)
  to   space 4096K, 0% used [0x00000000d6c80000,0x00000000d6c80000,0x00000000d7080000)
 ParOldGen       total 68608K, used 46711K [0x0000000080000000, 0x0000000084300000, 0x00000000d5580000)
  object space 68608K, 68% used [0x0000000080000000,0x0000000082d9ded8,0x0000000084300000)
 Metaspace       used 60054K, committed 61440K, reserved 1114112K
  class space    used 7035K, committed 7616K, reserved 1048576K
}
Event: 81.390 GC heap before
{Heap before GC invocations=38 (full 3):
 PSYoungGen      total 23040K, used 23025K [0x00000000d5580000, 0x00000000d7480000, 0x0000000100000000)
  eden space 22016K, 100% used [0x00000000d5580000,0x00000000d6b00000,0x00000000d6b00000)
  from space 1024K, 98% used [0x00000000d7380000,0x00000000d747c400,0x00000000d7480000)
  to   space 4096K, 0% used [0x00000000d6c80000,0x00000000d6c80000,0x00000000d7080000)
 ParOldGen       total 68608K, used 46711K [0x0000000080000000, 0x0000000084300000, 0x00000000d5580000)
  object space 68608K, 68% used [0x0000000080000000,0x0000000082d9ded8,0x0000000084300000)
 Metaspace       used 60069K, committed 61440K, reserved 1114112K
  class space    used 7035K, committed 7616K, reserved 1048576K
}
Event: 81.396 GC heap after
{Heap after GC invocations=38 (full 3):
 PSYoungGen      total 26112K, used 2532K [0x00000000d5580000, 0x00000000d7400000, 0x0000000100000000)
  eden space 22016K, 0% used [0x00000000d5580000,0x00000000d5580000,0x00000000d6b00000)
  from space 4096K, 61% used [0x00000000d6c80000,0x00000000d6ef9000,0x00000000d7080000)
  to   space 3072K, 0% used [0x00000000d7100000,0x00000000d7100000,0x00000000d7400000)
 ParOldGen       total 68608K, used 47687K [0x0000000080000000, 0x0000000084300000, 0x00000000d5580000)
  object space 68608K, 69% used [0x0000000080000000,0x0000000082e91ed8,0x0000000084300000)
 Metaspace       used 60069K, committed 61440K, reserved 1114112K
  class space    used 7035K, committed 7616K, reserved 1048576K
}
Event: 81.806 GC heap before
{Heap before GC invocations=39 (full 3):
 PSYoungGen      total 26112K, used 24548K [0x00000000d5580000, 0x00000000d7400000, 0x0000000100000000)
  eden space 22016K, 100% used [0x00000000d5580000,0x00000000d6b00000,0x00000000d6b00000)
  from space 4096K, 61% used [0x00000000d6c80000,0x00000000d6ef9000,0x00000000d7080000)
  to   space 3072K, 0% used [0x00000000d7100000,0x00000000d7100000,0x00000000d7400000)
 ParOldGen       total 68608K, used 47687K [0x0000000080000000, 0x0000000084300000, 0x00000000d5580000)
  object space 68608K, 69% used [0x0000000080000000,0x0000000082e91ed8,0x0000000084300000)
 Metaspace       used 60079K, committed 61440K, reserved 1114112K
  class space    used 7036K, committed 7616K, reserved 1048576K
}
Event: 81.814 GC heap after
{Heap after GC invocations=39 (full 3):
 PSYoungGen      total 24576K, used 2176K [0x00000000d5580000, 0x00000000d7380000, 0x0000000100000000)
  eden space 22016K, 0% used [0x00000000d5580000,0x00000000d5580000,0x00000000d6b00000)
  from space 2560K, 85% used [0x00000000d7100000,0x00000000d7320000,0x00000000d7380000)
  to   space 2560K, 0% used [0x00000000d6e80000,0x00000000d6e80000,0x00000000d7100000)
 ParOldGen       total 68608K, used 50174K [0x0000000080000000, 0x0000000084300000, 0x00000000d5580000)
  object space 68608K, 73% used [0x0000000080000000,0x00000000830ff988,0x0000000084300000)
 Metaspace       used 60079K, committed 61440K, reserved 1114112K
  class space    used 7036K, committed 7616K, reserved 1048576K
}
Event: 82.147 GC heap before
{Heap before GC invocations=40 (full 3):
 PSYoungGen      total 24576K, used 24192K [0x00000000d5580000, 0x00000000d7380000, 0x0000000100000000)
  eden space 22016K, 100% used [0x00000000d5580000,0x00000000d6b00000,0x00000000d6b00000)
  from space 2560K, 85% used [0x00000000d7100000,0x00000000d7320000,0x00000000d7380000)
  to   space 2560K, 0% used [0x00000000d6e80000,0x00000000d6e80000,0x00000000d7100000)
 ParOldGen       total 68608K, used 50174K [0x0000000080000000, 0x0000000084300000, 0x00000000d5580000)
  object space 68608K, 73% used [0x0000000080000000,0x00000000830ff988,0x0000000084300000)
 Metaspace       used 60117K, committed 61440K, reserved 1114112K
  class space    used 7036K, committed 7616K, reserved 1048576K
}
Event: 82.158 GC heap after
{Heap after GC invocations=40 (full 3):
 PSYoungGen      total 24576K, used 2368K [0x00000000d5580000, 0x00000000d7180000, 0x0000000100000000)
  eden space 22016K, 0% used [0x00000000d5580000,0x00000000d5580000,0x00000000d6b00000)
  from space 2560K, 92% used [0x00000000d6e80000,0x00000000d70d0010,0x00000000d7100000)
  to   space 512K, 0% used [0x00000000d7100000,0x00000000d7100000,0x00000000d7180000)
 ParOldGen       total 68608K, used 52358K [0x0000000080000000, 0x0000000084300000, 0x00000000d5580000)
  object space 68608K, 76% used [0x0000000080000000,0x0000000083321988,0x0000000084300000)
 Metaspace       used 60117K, committed 61440K, reserved 1114112K
  class space    used 7036K, committed 7616K, reserved 1048576K
}
Event: 82.744 GC heap before
{Heap before GC invocations=41 (full 3):
 PSYoungGen      total 24576K, used 24384K [0x00000000d5580000, 0x00000000d7180000, 0x0000000100000000)
  eden space 22016K, 100% used [0x00000000d5580000,0x00000000d6b00000,0x00000000d6b00000)
  from space 2560K, 92% used [0x00000000d6e80000,0x00000000d70d0010,0x00000000d7100000)
  to   space 512K, 0% used [0x00000000d7100000,0x00000000d7100000,0x00000000d7180000)
 ParOldGen       total 68608K, used 52358K [0x0000000080000000, 0x0000000084300000, 0x00000000d5580000)
  object space 68608K, 76% used [0x0000000080000000,0x0000000083321988,0x0000000084300000)
 Metaspace       used 61462K, committed 62912K, reserved 1114112K
  class space    used 7224K, committed 7872K, reserved 1048576K
}
Event: 82.752 GC heap after
{Heap after GC invocations=41 (full 3):
 PSYoungGen      total 22528K, used 480K [0x00000000d5580000, 0x00000000d7300000, 0x0000000100000000)
  eden space 22016K, 0% used [0x00000000d5580000,0x00000000d5580000,0x00000000d6b00000)
  from space 512K, 93% used [0x00000000d7100000,0x00000000d7178020,0x00000000d7180000)
  to   space 4096K, 0% used [0x00000000d6b00000,0x00000000d6b00000,0x00000000d6f00000)
 ParOldGen       total 68608K, used 55376K [0x0000000080000000, 0x0000000084300000, 0x00000000d5580000)
  object space 68608K, 80% used [0x0000000080000000,0x0000000083614390,0x0000000084300000)
 Metaspace       used 61462K, committed 62912K, reserved 1114112K
  class space    used 7224K, committed 7872K, reserved 1048576K
}
Event: 109.092 GC heap before
{Heap before GC invocations=42 (full 3):
 PSYoungGen      total 22528K, used 22496K [0x00000000d5580000, 0x00000000d7300000, 0x0000000100000000)
  eden space 22016K, 100% used [0x00000000d5580000,0x00000000d6b00000,0x00000000d6b00000)
  from space 512K, 93% used [0x00000000d7100000,0x00000000d7178020,0x00000000d7180000)
  to   space 4096K, 0% used [0x00000000d6b00000,0x00000000d6b00000,0x00000000d6f00000)
 ParOldGen       total 68608K, used 55376K [0x0000000080000000, 0x0000000084300000, 0x00000000d5580000)
  object space 68608K, 80% used [0x0000000080000000,0x0000000083614390,0x0000000084300000)
 Metaspace       used 63767K, committed 65280K, reserved 1114112K
  class space    used 7555K, committed 8192K, reserved 1048576K
}
Event: 109.096 GC heap after
{Heap after GC invocations=42 (full 3):
 PSYoungGen      total 26112K, used 656K [0x00000000d5580000, 0x00000000d7180000, 0x0000000100000000)
  eden space 22016K, 0% used [0x00000000d5580000,0x00000000d5580000,0x00000000d6b00000)
  from space 4096K, 16% used [0x00000000d6b00000,0x00000000d6ba4020,0x00000000d6f00000)
  to   space 2048K, 0% used [0x00000000d6f80000,0x00000000d6f80000,0x00000000d7180000)
 ParOldGen       total 68608K, used 55871K [0x0000000080000000, 0x0000000084300000, 0x00000000d5580000)
  object space 68608K, 81% used [0x0000000080000000,0x000000008368fdf0,0x0000000084300000)
 Metaspace       used 63767K, committed 65280K, reserved 1114112K
  class space    used 7555K, committed 8192K, reserved 1048576K
}

